[01m[K/home/virtual/project/webots_ros2/simple/src/my_package/src/MyRobotDriver.cpp:13:6:[m[K [01;31m[Kerror: [m[Kâ€˜[01m[KMyRobotDriver[m[Kâ€™ has not been declared
   13 | void [01;31m[KMyRobotDriver[m[K::init(
      |      [01;31m[K^~~~~~~~~~~~~[m[K
[01m[K/home/virtual/project/webots_ros2/simple/src/my_package/src/MyRobotDriver.cpp:13:6:[m[K [01;31m[Kerror: [m[Kvariable or field â€˜[01m[Kinit[m[Kâ€™ declared void
[01m[K/home/virtual/project/webots_ros2/simple/src/my_package/src/MyRobotDriver.cpp:14:5:[m[K [01;31m[Kerror: [m[Kâ€˜[01m[Kwebots_ros2_driver[m[Kâ€™ has not been declared
   14 |     [01;31m[Kwebots_ros2_driver[m[K::WebotsNode *node,
      |     [01;31m[K^~~~~~~~~~~~~~~~~~[m[K
[01m[K/home/virtual/project/webots_ros2/simple/src/my_package/src/MyRobotDriver.cpp:14:37:[m[K [01;31m[Kerror: [m[Kâ€˜[01m[Knode[m[Kâ€™ was not declared in this scope
   14 |     webots_ros2_driver::WebotsNode *[01;31m[Knode[m[K,
      |                                     [01;31m[K^~~~[m[K
[01m[K/home/virtual/project/webots_ros2/simple/src/my_package/src/MyRobotDriver.cpp:15:50:[m[K [01;31m[Kerror: [m[Kexpected primary-expression before â€˜[01m[K&[m[Kâ€™ token
   15 |     std::unordered_map<std::string, std::string> [01;31m[K&[m[Kparameters) {
      |                                                  [01;31m[K^[m[K
[01m[K/home/virtual/project/webots_ros2/simple/src/my_package/src/MyRobotDriver.cpp:15:51:[m[K [01;31m[Kerror: [m[Kâ€˜[01m[Kparameters[m[Kâ€™ was not declared in this scope
   15 |     std::unordered_map<std::string, std::string> &[01;31m[Kparameters[m[K) {
      |                                                   [01;31m[K^~~~~~~~~~[m[K
[01m[K/home/virtual/project/webots_ros2/simple/src/my_package/src/MyRobotDriver.cpp:31:6:[m[K [01;31m[Kerror: [m[Kâ€˜[01m[KMyRobotDriver[m[Kâ€™ has not been declared
   31 | void [01;31m[KMyRobotDriver[m[K::cmdVelCallback(
      |      [01;31m[K^~~~~~~~~~~~~[m[K
[01m[K/home/virtual/project/webots_ros2/simple/src/my_package/src/MyRobotDriver.cpp:[m[K In function â€˜[01m[Kvoid my_robot_driver::cmdVelCallback(geometry_msgs::msg::Twist_<std::allocator<void> >::SharedPtr)[m[Kâ€™:
[01m[K/home/virtual/project/webots_ros2/simple/src/my_package/src/MyRobotDriver.cpp:33:3:[m[K [01;31m[Kerror: [m[Kâ€˜[01m[Kcmd_vel_msg[m[Kâ€™ was not declared in this scope
   33 |   [01;31m[Kcmd_vel_msg[m[K.linear = msg->linear;
      |   [01;31m[K^~~~~~~~~~~[m[K
[01m[K/home/virtual/project/webots_ros2/simple/src/my_package/src/MyRobotDriver.cpp:[m[K At global scope:
[01m[K/home/virtual/project/webots_ros2/simple/src/my_package/src/MyRobotDriver.cpp:37:6:[m[K [01;31m[Kerror: [m[Kâ€˜[01m[KMyRobotDriver[m[Kâ€™ has not been declared
   37 | void [01;31m[KMyRobotDriver[m[K::step() {
      |      [01;31m[K^~~~~~~~~~~~~[m[K
[01m[K/home/virtual/project/webots_ros2/simple/src/my_package/src/MyRobotDriver.cpp:[m[K In function â€˜[01m[Kvoid my_robot_driver::step()[m[Kâ€™:
[01m[K/home/virtual/project/webots_ros2/simple/src/my_package/src/MyRobotDriver.cpp:38:24:[m[K [01;31m[Kerror: [m[Kâ€˜[01m[Kcmd_vel_msg[m[Kâ€™ was not declared in this scope
   38 |   auto forward_speed = [01;31m[Kcmd_vel_msg[m[K.linear.x;
      |                        [01;31m[K^~~~~~~~~~~[m[K
[01m[K/home/virtual/project/webots_ros2/simple/src/my_package/src/MyRobotDriver.cpp:48:25:[m[K [01;31m[Kerror: [m[Kâ€˜[01m[Kleft_motor[m[Kâ€™ was not declared in this scope
   48 |   wb_motor_set_velocity([01;31m[Kleft_motor[m[K, command_motor_left);
      |                         [01;31m[K^~~~~~~~~~[m[K
[01m[K/home/virtual/project/webots_ros2/simple/src/my_package/src/MyRobotDriver.cpp:49:25:[m[K [01;31m[Kerror: [m[Kâ€˜[01m[Kright_motor[m[Kâ€™ was not declared in this scope
   49 |   wb_motor_set_velocity([01;31m[Kright_motor[m[K, command_motor_right);
      |                         [01;31m[K^~~~~~~~~~~[m[K
In file included from [01m[K/opt/ros/humble/include/class_loader/class_loader/class_loader.hpp:56[m[K,
                 from [01m[K/opt/ros/humble/include/pluginlib/pluginlib/class_list_macros.hpp:40[m[K,
                 from [01m[K/home/virtual/project/webots_ros2/simple/src/my_package/src/MyRobotDriver.cpp:53[m[K:
[01m[K/home/virtual/project/webots_ros2/simple/src/my_package/src/MyRobotDriver.cpp:[m[K At global scope:
[01m[K/home/virtual/project/webots_ros2/simple/src/my_package/src/MyRobotDriver.cpp:54:41:[m[K [01;31m[Kerror: [m[Kâ€˜[01m[KMyRobotDriver[m[Kâ€™ in namespace â€˜[01m[Kmy_robot_driver[m[Kâ€™ does not name a type
   54 | PLUGINLIB_EXPORT_CLASS(my_robot_driver::[01;31m[KMyRobotDriver[m[K,
      |                                         [01;31m[K^~~~~~~~~~~~~[m[K
[01m[K/home/virtual/project/webots_ros2/simple/src/my_package/src/MyRobotDriver.cpp:55:24:[m[K [01;31m[Kerror: [m[Kâ€˜[01m[Kwebots_ros2_driver[m[Kâ€™ does not name a type
   55 |                        [01;31m[Kwebots_ros2_driver[m[K::PluginInterface)
      |                        [01;31m[K^~~~~~~~~~~~~~~~~~[m[K
[01m[K/home/virtual/project/webots_ros2/simple/src/my_package/src/MyRobotDriver.cpp:[m[K In constructor â€˜[01m[K{anonymous}::ProxyExec0::ProxyExec0()[m[Kâ€™:
[01m[K/home/virtual/project/webots_ros2/simple/src/my_package/src/MyRobotDriver.cpp:54:1:[m[K [01;31m[Kerror: [m[Kâ€˜[01m[K_derived[m[Kâ€™ was not declared in this scope
   54 | [01;31m[KPLUGINLIB_EXPORT_CLASS[m[K(my_robot_driver::MyRobotDriver,
      | [01;31m[K^~~~~~~~~~~~~~~~~~~~~~[m[K
[01m[K/home/virtual/project/webots_ros2/simple/src/my_package/src/MyRobotDriver.cpp:54:1:[m[K [01;31m[Kerror: [m[Kâ€˜[01m[K_base[m[Kâ€™ was not declared in this scope
   54 | [01;31m[KPLUGINLIB_EXPORT_CLASS[m[K(my_robot_driver::MyRobotDriver,
      | [01;31m[K^~~~~~~~~~~~~~~~~~~~~~[m[K
[01m[K/home/virtual/project/webots_ros2/simple/src/my_package/src/MyRobotDriver.cpp:54:1:[m[K [01;31m[Kerror: [m[Kno matching function for call to â€˜[01m[KregisterPlugin<<expression error>, <expression error> >(const char [31], const char [36])[m[Kâ€™
   54 | [01;31m[KPLUGINLIB_EXPORT_CLASS[m[K(my_robot_driver::MyRobotDriver,
      | [01;31m[K^~~~~~~~~~~~~~~~~~~~~~[m[K
In file included from [01m[K/opt/ros/humble/include/class_loader/class_loader/class_loader.hpp:55[m[K,
                 from [01m[K/opt/ros/humble/include/pluginlib/pluginlib/class_list_macros.hpp:40[m[K,
                 from [01m[K/home/virtual/project/webots_ros2/simple/src/my_package/src/MyRobotDriver.cpp:53[m[K:
[01m[K/opt/ros/humble/include/class_loader/class_loader/class_loader_core.hpp:210:6:[m[K [01;36m[Knote: [m[Kcandidate: â€˜[01m[Ktemplate<class Derived, class Base> void class_loader::impl::registerPlugin(const string&, const string&)[m[Kâ€™
  210 | void [01;36m[KregisterPlugin[m[K(const std::string & class_name, const std::string & base_class_name)
      |      [01;36m[K^~~~~~~~~~~~~~[m[K
[01m[K/opt/ros/humble/include/class_loader/class_loader/class_loader_core.hpp:210:6:[m[K [01;36m[Knote: [m[K  template argument deduction/substitution failed:
In file included from [01m[K/opt/ros/humble/include/class_loader/class_loader/class_loader.hpp:56[m[K,
                 from [01m[K/opt/ros/humble/include/pluginlib/pluginlib/class_list_macros.hpp:40[m[K,
                 from [01m[K/home/virtual/project/webots_ros2/simple/src/my_package/src/MyRobotDriver.cpp:53[m[K:
[01m[K/home/virtual/project/webots_ros2/simple/src/my_package/src/MyRobotDriver.cpp:54:1:[m[K [01;31m[Kerror: [m[Ktemplate argument 1 is invalid
   54 | [01;31m[KPLUGINLIB_EXPORT_CLASS[m[K(my_robot_driver::MyRobotDriver,
      | [01;31m[K^~~~~~~~~~~~~~~~~~~~~~[m[K
[01m[K/home/virtual/project/webots_ros2/simple/src/my_package/src/MyRobotDriver.cpp:54:1:[m[K [01;31m[Kerror: [m[Ktemplate argument 2 is invalid
gmake[2]: *** [CMakeFiles/my_package.dir/build.make:76: CMakeFiles/my_package.dir/src/MyRobotDriver.cpp.o] Error 1
gmake[1]: *** [CMakeFiles/Makefile2:165: CMakeFiles/my_package.dir/all] Error 2
gmake[1]: *** Waiting for unfinished jobs....
gmake: *** [Makefile:146: all] Error 2
